# project  configured on Sun Mar 22 06:27:54 2015 by
# waf 1.7.11 (abi 98, python 20703f0 on linux2)
# using /home/jerule/Desktop/pebble-dev/PebbleSDK-3.0-dp4/Pebble/waf configure build
#
----------------------------------------
Setting top to
/home/jerule/Desktop/pebble-dev/PebbleSDK-3.0-dp4/bin
----------------------------------------
Setting out to
/home/jerule/Desktop/pebble-dev/PebbleSDK-3.0-dp4/bin/build
----------------------------------------
Found Pebble SDK for basalt in:
/home/jerule/Desktop/pebble-dev/PebbleSDK-3.0-dp4/Pebble/basalt
----------------------------------------
Checking for program gcc,cc
arm-none-eabi-gcc
find program=['gcc', 'cc'] paths='' var='CC' -> 'arm-none-eabi-gcc'
----------------------------------------
Checking for program ar
arm-none-eabi-ar
find program=['ar'] paths='' var='AR' -> 'arm-none-eabi-ar'
----------------------------------------
Found Pebble SDK for aplite in:
/home/jerule/Desktop/pebble-dev/PebbleSDK-3.0-dp4/Pebble/aplite
----------------------------------------
Checking for program gcc,cc
arm-none-eabi-gcc
find program=['gcc', 'cc'] paths='' var='CC' -> 'arm-none-eabi-gcc'
----------------------------------------
Checking for program ar
arm-none-eabi-ar
find program=['ar'] paths='' var='AR' -> 'arm-none-eabi-ar'
